# JRE version: Java(TM) SE Runtime Environment (24.0.1+9) (build 24.0.1+9-30)
# Java VM: Java HotSpot(TM) 64-Bit Server VM (24.0.1+9-30, mixed mode, sharing, tiered, compressed oops, compressed class ptrs, g1 gc, windows-amd64)
GC Precious Log:
 CardTable entry size: 512
 Card Set container configuration: InlinePtr #cards 5 size 8 Array Of Cards #cards 10 size 36 Howl #buckets 4 coarsen threshold 1843 Howl Bitmap #cards 512 size 80 coarsen threshold 460 Card regions per heap region 1 cards per card region 2048
 CPUs: 4 total, 4 available
 Memory: 6020M
 Large Page Support: Disabled
 NUMA Support: Disabled
 Compressed Oops: Enabled (32-bit)
 Heap Region Size: 1M
 Heap Min Capacity: 8M
 Heap Initial Capacity: 96M
 Heap Max Capacity: 2G
 Pre-touch: Disabled
 Parallel Workers: 4
 Concurrent Workers: 1
 Concurrent Refinement Workers: 4
 Periodic GC: Disabled
Heap:
 garbage-first heap   total reserved 2097152K, committed 367616K, used 260096K [0x0000000080000000, 0x0000000100000000)
  region size 1024K, 36 young (36864K), 13 survivors (13312K)
 Metaspace       used 172910K, committed 175296K, reserved 1245184K
  class space    used 18210K, committed 19392K, reserved 1048576K
GC Heap History (20 events):
Event: 98.484 GC heap before
{Heap before GC invocations=68 (full 0):
 garbage-first heap   total reserved 2097152K, committed 244736K, used 225875K [0x0000000080000000, 0x0000000100000000)
  region size 1024K, 72 young (73728K), 4 survivors (4096K)
 Metaspace       used 119293K, committed 121600K, reserved 1179648K
  class space    used 13310K, committed 14400K, reserved 1048576K
}
Event: 98.508 GC heap after
{Heap after GC invocations=69 (full 0):
 garbage-first heap   total reserved 2097152K, committed 244736K, used 159742K [0x0000000080000000, 0x0000000100000000)
  region size 1024K, 9 young (9216K), 9 survivors (9216K)
 Metaspace       used 119293K, committed 121600K, reserved 1179648K
  class space    used 13310K, committed 14400K, reserved 1048576K
}
Event: 100.371 GC heap before
{Heap before GC invocations=69 (full 0):
 garbage-first heap   total reserved 2097152K, committed 244736K, used 184318K [0x0000000080000000, 0x0000000100000000)
  region size 1024K, 34 young (34816K), 9 survivors (9216K)
 Metaspace       used 122236K, committed 124544K, reserved 1179648K
  class space    used 13574K, committed 14656K, reserved 1048576K
}
Event: 100.394 GC heap after
{Heap after GC invocations=70 (full 0):
 garbage-first heap   total reserved 2097152K, committed 244736K, used 163075K [0x0000000080000000, 0x0000000100000000)
  region size 1024K, 5 young (5120K), 5 survivors (5120K)
 Metaspace       used 122236K, committed 124544K, reserved 1179648K
  class space    used 13574K, committed 14656K, reserved 1048576K
}
Event: 106.996 GC heap before
{Heap before GC invocations=71 (full 0):
 garbage-first heap   total reserved 2097152K, committed 276480K, used 222467K [0x0000000080000000, 0x0000000100000000)
  region size 1024K, 59 young (60416K), 5 survivors (5120K)
 Metaspace       used 127723K, committed 130112K, reserved 1179648K
  class space    used 14053K, committed 15232K, reserved 1048576K
}
Event: 107.014 GC heap after
{Heap after GC invocations=72 (full 0):
 garbage-first heap   total reserved 2097152K, committed 276480K, used 170999K [0x0000000080000000, 0x0000000100000000)
  region size 1024K, 8 young (8192K), 8 survivors (8192K)
 Metaspace       used 127723K, committed 130112K, reserved 1179648K
  class space    used 14053K, committed 15232K, reserved 1048576K
}
Event: 110.335 GC heap before
{Heap before GC invocations=72 (full 0):
 garbage-first heap   total reserved 2097152K, committed 276480K, used 246775K [0x0000000080000000, 0x0000000100000000)
  region size 1024K, 81 young (82944K), 8 survivors (8192K)
 Metaspace       used 137980K, committed 140352K, reserved 1179648K
  class space    used 14907K, committed 16064K, reserved 1048576K
}
Event: 110.362 GC heap after
{Heap after GC invocations=73 (full 0):
 garbage-first heap   total reserved 2097152K, committed 276480K, used 172468K [0x0000000080000000, 0x0000000100000000)
  region size 1024K, 11 young (11264K), 11 survivors (11264K)
 Metaspace       used 137980K, committed 140352K, reserved 1179648K
  class space    used 14907K, committed 16064K, reserved 1048576K
}
Event: 112.302 GC heap before
{Heap before GC invocations=73 (full 0):
 garbage-first heap   total reserved 2097152K, committed 276480K, used 242100K [0x0000000080000000, 0x0000000100000000)
  region size 1024K, 80 young (81920K), 11 survivors (11264K)
 Metaspace       used 147266K, committed 149632K, reserved 1245184K
  class space    used 15688K, committed 16832K, reserved 1048576K
}
Event: 112.330 GC heap after
{Heap after GC invocations=74 (full 0):
 garbage-first heap   total reserved 2097152K, committed 276480K, used 184219K [0x0000000080000000, 0x0000000100000000)
  region size 1024K, 11 young (11264K), 11 survivors (11264K)
 Metaspace       used 147266K, committed 149632K, reserved 1245184K
  class space    used 15688K, committed 16832K, reserved 1048576K
}
Event: 118.538 GC heap before
{Heap before GC invocations=75 (full 0):
 garbage-first heap   total reserved 2097152K, committed 307200K, used 250779K [0x0000000080000000, 0x0000000100000000)
  region size 1024K, 75 young (76800K), 11 survivors (11264K)
 Metaspace       used 154094K, committed 156480K, reserved 1245184K
  class space    used 16459K, committed 17600K, reserved 1048576K
}
Event: 118.561 GC heap after
{Heap after GC invocations=76 (full 0):
 garbage-first heap   total reserved 2097152K, committed 307200K, used 195001K [0x0000000080000000, 0x0000000100000000)
  region size 1024K, 10 young (10240K), 10 survivors (10240K)
 Metaspace       used 154094K, committed 156480K, reserved 1245184K
  class space    used 16459K, committed 17600K, reserved 1048576K
}
Event: 122.620 GC heap before
{Heap before GC invocations=76 (full 0):
 garbage-first heap   total reserved 2097152K, committed 307200K, used 272825K [0x0000000080000000, 0x0000000100000000)
  region size 1024K, 86 young (88064K), 10 survivors (10240K)
 Metaspace       used 162909K, committed 165248K, reserved 1245184K
  class space    used 17375K, committed 18496K, reserved 1048576K
}
Event: 122.653 GC heap after
{Heap after GC invocations=77 (full 0):
 garbage-first heap   total reserved 2097152K, committed 307200K, used 202705K [0x0000000080000000, 0x0000000100000000)
  region size 1024K, 11 young (11264K), 11 survivors (11264K)
 Metaspace       used 162909K, committed 165248K, reserved 1245184K
  class space    used 17375K, committed 18496K, reserved 1048576K
}
Event: 128.285 GC heap before
{Heap before GC invocations=77 (full 0):
 garbage-first heap   total reserved 2097152K, committed 307200K, used 276433K [0x0000000080000000, 0x0000000100000000)
  region size 1024K, 83 young (84992K), 11 survivors (11264K)
 Metaspace       used 165360K, committed 167744K, reserved 1245184K
  class space    used 17438K, committed 18560K, reserved 1048576K
}
Event: 128.332 GC heap after
{Heap after GC invocations=78 (full 0):
 garbage-first heap   total reserved 2097152K, committed 307200K, used 219648K [0x0000000080000000, 0x0000000100000000)
  region size 1024K, 11 young (11264K), 11 survivors (11264K)
 Metaspace       used 165360K, committed 167744K, reserved 1245184K
  class space    used 17438K, committed 18560K, reserved 1048576K
}
Event: 134.385 GC heap before
{Heap before GC invocations=79 (full 0):
 garbage-first heap   total reserved 2097152K, committed 367616K, used 275968K [0x0000000080000000, 0x0000000100000000)
  region size 1024K, 66 young (67584K), 11 survivors (11264K)
 Metaspace       used 165851K, committed 168192K, reserved 1245184K
  class space    used 17454K, committed 18560K, reserved 1048576K
}
Event: 134.430 GC heap after
{Heap after GC invocations=80 (full 0):
 garbage-first heap   total reserved 2097152K, committed 367616K, used 227328K [0x0000000080000000, 0x0000000100000000)
  region size 1024K, 6 young (6144K), 6 survivors (6144K)
 Metaspace       used 165851K, committed 168192K, reserved 1245184K
  class space    used 17454K, committed 18560K, reserved 1048576K
}
Event: 139.868 GC heap before
{Heap before GC invocations=80 (full 0):
 garbage-first heap   total reserved 2097152K, committed 367616K, used 320512K [0x0000000080000000, 0x0000000100000000)
  region size 1024K, 97 young (99328K), 6 survivors (6144K)
 Metaspace       used 171612K, committed 174016K, reserved 1245184K
  class space    used 18100K, committed 19264K, reserved 1048576K
}
Event: 139.920 GC heap after
{Heap after GC invocations=81 (full 0):
 garbage-first heap   total reserved 2097152K, committed 367616K, used 237568K [0x0000000080000000, 0x0000000100000000)
  region size 1024K, 13 young (13312K), 13 survivors (13312K)
 Metaspace       used 171612K, committed 174016K, reserved 1245184K
  class space    used 18100K, committed 19264K, reserved 1048576K
}

