# JRE version: Java(TM) SE Runtime Environment (24.0.1+9) (build 24.0.1+9-30)
# Java VM: Java HotSpot(TM) 64-Bit Server VM (24.0.1+9-30, mixed mode, sharing, tiered, compressed oops, compressed class ptrs, g1 gc, windows-amd64)
GC Precious Log:
 CardTable entry size: 512
 Card Set container configuration: InlinePtr #cards 5 size 8 Array Of Cards #cards 10 size 36 Howl #buckets 4 coarsen threshold 1843 Howl Bitmap #cards 512 size 80 coarsen threshold 460 Card regions per heap region 1 cards per card region 2048
 CPUs: 4 total, 4 available
 Memory: 6020M
 Large Page Support: Disabled
 NUMA Support: Disabled
 Compressed Oops: Enabled (32-bit)
 Heap Region Size: 1M
 Heap Min Capacity: 8M
 Heap Initial Capacity: 96M
 Heap Max Capacity: 2G
 Pre-touch: Disabled
 Parallel Workers: 4
 Concurrent Workers: 1
 Concurrent Refinement Workers: 4
 Periodic GC: Disabled
Heap:
 garbage-first heap   total reserved 2097152K, committed 155648K, used 115237K [0x0000000080000000, 0x0000000100000000)
  region size 1024K, 26 young (26624K), 6 survivors (6144K)
 Metaspace       used 88171K, committed 90368K, reserved 1179648K
  class space    used 9805K, committed 10816K, reserved 1048576K
GC Heap History (20 events):
Event: 81.823 GC heap before
{Heap before GC invocations=30 (full 0):
 garbage-first heap   total reserved 2097152K, committed 106496K, used 95308K [0x0000000080000000, 0x0000000100000000)
  region size 1024K, 24 young (24576K), 4 survivors (4096K)
 Metaspace       used 61136K, committed 62976K, reserved 1114112K
  class space    used 6905K, committed 7744K, reserved 1048576K
}
Event: 81.835 GC heap after
{Heap after GC invocations=31 (full 0):
 garbage-first heap   total reserved 2097152K, committed 128000K, used 78076K [0x0000000080000000, 0x0000000100000000)
  region size 1024K, 3 young (3072K), 3 survivors (3072K)
 Metaspace       used 61136K, committed 62976K, reserved 1114112K
  class space    used 6905K, committed 7744K, reserved 1048576K
}
Event: 83.559 GC heap before
{Heap before GC invocations=31 (full 0):
 garbage-first heap   total reserved 2097152K, committed 128000K, used 111868K [0x0000000080000000, 0x0000000100000000)
  region size 1024K, 36 young (36864K), 3 survivors (3072K)
 Metaspace       used 64303K, committed 66176K, reserved 1114112K
  class space    used 7192K, committed 8064K, reserved 1048576K
}
Event: 83.566 GC heap after
{Heap after GC invocations=32 (full 0):
 garbage-first heap   total reserved 2097152K, committed 128000K, used 79099K [0x0000000080000000, 0x0000000100000000)
  region size 1024K, 2 young (2048K), 2 survivors (2048K)
 Metaspace       used 64303K, committed 66176K, reserved 1114112K
  class space    used 7192K, committed 8064K, reserved 1048576K
}
Event: 85.259 GC heap before
{Heap before GC invocations=33 (full 0):
 garbage-first heap   total reserved 2097152K, committed 133120K, used 111867K [0x0000000080000000, 0x0000000100000000)
  region size 1024K, 35 young (35840K), 2 survivors (2048K)
 Metaspace       used 68065K, committed 70080K, reserved 1114112K
  class space    used 7640K, committed 8576K, reserved 1048576K
}
Event: 85.266 GC heap after
{Heap after GC invocations=34 (full 0):
 garbage-first heap   total reserved 2097152K, committed 133120K, used 79348K [0x0000000080000000, 0x0000000100000000)
  region size 1024K, 3 young (3072K), 3 survivors (3072K)
 Metaspace       used 68065K, committed 70080K, reserved 1114112K
  class space    used 7640K, committed 8576K, reserved 1048576K
}
Event: 87.363 GC heap before
{Heap before GC invocations=34 (full 0):
 garbage-first heap   total reserved 2097152K, committed 133120K, used 124404K [0x0000000080000000, 0x0000000100000000)
  region size 1024K, 42 young (43008K), 3 survivors (3072K)
 Metaspace       used 71127K, committed 73152K, reserved 1114112K
  class space    used 7878K, committed 8832K, reserved 1048576K
}
Event: 87.382 GC heap after
{Heap after GC invocations=35 (full 0):
 garbage-first heap   total reserved 2097152K, committed 134144K, used 83200K [0x0000000080000000, 0x0000000100000000)
  region size 1024K, 6 young (6144K), 6 survivors (6144K)
 Metaspace       used 71127K, committed 73152K, reserved 1114112K
  class space    used 7878K, committed 8832K, reserved 1048576K
}
Event: 94.096 GC heap before
{Heap before GC invocations=35 (full 0):
 garbage-first heap   total reserved 2097152K, committed 134144K, used 118016K [0x0000000080000000, 0x0000000100000000)
  region size 1024K, 41 young (41984K), 6 survivors (6144K)
 Metaspace       used 73551K, committed 75520K, reserved 1179648K
  class space    used 8149K, committed 9088K, reserved 1048576K
}
Event: 94.114 GC heap after
{Heap after GC invocations=36 (full 0):
 garbage-first heap   total reserved 2097152K, committed 134144K, used 85579K [0x0000000080000000, 0x0000000100000000)
  region size 1024K, 2 young (2048K), 2 survivors (2048K)
 Metaspace       used 73551K, committed 75520K, reserved 1179648K
  class space    used 8149K, committed 9088K, reserved 1048576K
}
Event: 107.139 GC heap before
{Heap before GC invocations=37 (full 0):
 garbage-first heap   total reserved 2097152K, committed 143360K, used 122443K [0x0000000080000000, 0x0000000100000000)
  region size 1024K, 38 young (38912K), 2 survivors (2048K)
 Metaspace       used 77481K, committed 79424K, reserved 1179648K
  class space    used 8553K, committed 9472K, reserved 1048576K
}
Event: 107.151 GC heap after
{Heap after GC invocations=38 (full 0):
 garbage-first heap   total reserved 2097152K, committed 143360K, used 87424K [0x0000000080000000, 0x0000000100000000)
  region size 1024K, 4 young (4096K), 4 survivors (4096K)
 Metaspace       used 77481K, committed 79424K, reserved 1179648K
  class space    used 8553K, committed 9472K, reserved 1048576K
}
Event: 109.406 GC heap before
{Heap before GC invocations=38 (full 0):
 garbage-first heap   total reserved 2097152K, committed 143360K, used 131456K [0x0000000080000000, 0x0000000100000000)
  region size 1024K, 47 young (48128K), 4 survivors (4096K)
 Metaspace       used 80357K, committed 82432K, reserved 1179648K
  class space    used 8881K, committed 9856K, reserved 1048576K
}
Event: 109.416 GC heap after
{Heap after GC invocations=39 (full 0):
 garbage-first heap   total reserved 2097152K, committed 143360K, used 88029K [0x0000000080000000, 0x0000000100000000)
  region size 1024K, 4 young (4096K), 4 survivors (4096K)
 Metaspace       used 80357K, committed 82432K, reserved 1179648K
  class space    used 8881K, committed 9856K, reserved 1048576K
}
Event: 110.625 GC heap before
{Heap before GC invocations=39 (full 0):
 garbage-first heap   total reserved 2097152K, committed 143360K, used 131037K [0x0000000080000000, 0x0000000100000000)
  region size 1024K, 46 young (47104K), 4 survivors (4096K)
 Metaspace       used 82206K, committed 84288K, reserved 1179648K
  class space    used 9110K, committed 10112K, reserved 1048576K
}
Event: 110.638 GC heap after
{Heap after GC invocations=40 (full 0):
 garbage-first heap   total reserved 2097152K, committed 143360K, used 92810K [0x0000000080000000, 0x0000000100000000)
  region size 1024K, 6 young (6144K), 6 survivors (6144K)
 Metaspace       used 82206K, committed 84288K, reserved 1179648K
  class space    used 9110K, committed 10112K, reserved 1048576K
}
Event: 112.126 GC heap before
{Heap before GC invocations=41 (full 0):
 garbage-first heap   total reserved 2097152K, committed 155648K, used 127626K [0x0000000080000000, 0x0000000100000000)
  region size 1024K, 40 young (40960K), 6 survivors (6144K)
 Metaspace       used 83307K, committed 85376K, reserved 1179648K
  class space    used 9232K, committed 10176K, reserved 1048576K
}
Event: 112.139 GC heap after
{Heap after GC invocations=42 (full 0):
 garbage-first heap   total reserved 2097152K, committed 155648K, used 95017K [0x0000000080000000, 0x0000000100000000)
  region size 1024K, 4 young (4096K), 4 survivors (4096K)
 Metaspace       used 83307K, committed 85376K, reserved 1179648K
  class space    used 9232K, committed 10176K, reserved 1048576K
}
Event: 114.473 GC heap before
{Heap before GC invocations=42 (full 0):
 garbage-first heap   total reserved 2097152K, committed 155648K, used 142121K [0x0000000080000000, 0x0000000100000000)
  region size 1024K, 49 young (50176K), 4 survivors (4096K)
 Metaspace       used 86517K, committed 88640K, reserved 1179648K
  class space    used 9620K, committed 10624K, reserved 1048576K
}
Event: 114.498 GC heap after
{Heap after GC invocations=43 (full 0):
 garbage-first heap   total reserved 2097152K, committed 155648K, used 95781K [0x0000000080000000, 0x0000000100000000)
  region size 1024K, 6 young (6144K), 6 survivors (6144K)
 Metaspace       used 86517K, committed 88640K, reserved 1179648K
  class space    used 9620K, committed 10624K, reserved 1048576K
}

