# JRE version: Java(TM) SE Runtime Environment (24.0.1+9) (build 24.0.1+9-30)
# Java VM: Java HotSpot(TM) 64-Bit Server VM (24.0.1+9-30, mixed mode, sharing, tiered, compressed oops, compressed class ptrs, g1 gc, windows-amd64)
GC Precious Log:
 CardTable entry size: 512
 Card Set container configuration: InlinePtr #cards 5 size 8 Array Of Cards #cards 10 size 36 Howl #buckets 4 coarsen threshold 1843 Howl Bitmap #cards 512 size 80 coarsen threshold 460 Card regions per heap region 1 cards per card region 2048
 CPUs: 4 total, 4 available
 Memory: 6020M
 Large Page Support: Disabled
 NUMA Support: Disabled
 Compressed Oops: Enabled (32-bit)
 Heap Region Size: 1M
 Heap Min Capacity: 8M
 Heap Initial Capacity: 96M
 Heap Max Capacity: 2G
 Pre-touch: Disabled
 Parallel Workers: 4
 Concurrent Workers: 1
 Concurrent Refinement Workers: 4
 Periodic GC: Disabled
Heap:
 garbage-first heap   total reserved 2097152K, committed 295936K, used 181027K [0x0000000080000000, 0x0000000100000000)
  region size 1024K, 5 young (5120K), 2 survivors (2048K)
 Metaspace       used 103806K, committed 105984K, reserved 1179648K
  class space    used 11649K, committed 12672K, reserved 1048576K
GC Heap History (20 events):
Event: 52.986 GC heap before
{Heap before GC invocations=44 (full 0):
 garbage-first heap   total reserved 2097152K, committed 177152K, used 157660K [0x0000000080000000, 0x0000000100000000)
  region size 1024K, 64 young (65536K), 8 survivors (8192K)
 Metaspace       used 99242K, committed 101376K, reserved 1179648K
  class space    used 11289K, committed 12288K, reserved 1048576K
}
Event: 53.021 GC heap after
{Heap after GC invocations=45 (full 0):
 garbage-first heap   total reserved 2097152K, committed 177152K, used 106072K [0x0000000080000000, 0x0000000100000000)
  region size 1024K, 8 young (8192K), 8 survivors (8192K)
 Metaspace       used 99242K, committed 101376K, reserved 1179648K
  class space    used 11289K, committed 12288K, reserved 1048576K
}
Event: 57.099 GC heap before
{Heap before GC invocations=46 (full 0):
 garbage-first heap   total reserved 2097152K, committed 178176K, used 158296K [0x0000000080000000, 0x0000000100000000)
  region size 1024K, 59 young (60416K), 8 survivors (8192K)
 Metaspace       used 99582K, committed 101760K, reserved 1179648K
  class space    used 11308K, committed 12288K, reserved 1048576K
}
Event: 57.126 GC heap after
{Heap after GC invocations=47 (full 0):
 garbage-first heap   total reserved 2097152K, committed 178176K, used 114672K [0x0000000080000000, 0x0000000100000000)
  region size 1024K, 8 young (8192K), 8 survivors (8192K)
 Metaspace       used 99582K, committed 101760K, reserved 1179648K
  class space    used 11308K, committed 12288K, reserved 1048576K
}
Event: 58.399 GC heap before
{Heap before GC invocations=47 (full 0):
 garbage-first heap   total reserved 2097152K, committed 178176K, used 159728K [0x0000000080000000, 0x0000000100000000)
  region size 1024K, 52 young (53248K), 8 survivors (8192K)
 Metaspace       used 99587K, committed 101760K, reserved 1179648K
  class space    used 11308K, committed 12288K, reserved 1048576K
}
Event: 58.421 GC heap after
{Heap after GC invocations=48 (full 0):
 garbage-first heap   total reserved 2097152K, committed 178176K, used 114341K [0x0000000080000000, 0x0000000100000000)
  region size 1024K, 4 young (4096K), 4 survivors (4096K)
 Metaspace       used 99587K, committed 101760K, reserved 1179648K
  class space    used 11308K, committed 12288K, reserved 1048576K
}
Event: 59.913 GC heap before
{Heap before GC invocations=48 (full 0):
 garbage-first heap   total reserved 2097152K, committed 178176K, used 162469K [0x0000000080000000, 0x0000000100000000)
  region size 1024K, 52 young (53248K), 4 survivors (4096K)
 Metaspace       used 99615K, committed 101760K, reserved 1179648K
  class space    used 11310K, committed 12288K, reserved 1048576K
}
Event: 59.921 GC heap after
{Heap after GC invocations=49 (full 0):
 garbage-first heap   total reserved 2097152K, committed 178176K, used 115246K [0x0000000080000000, 0x0000000100000000)
  region size 1024K, 5 young (5120K), 5 survivors (5120K)
 Metaspace       used 99615K, committed 101760K, reserved 1179648K
  class space    used 11310K, committed 12288K, reserved 1048576K
}
Event: 61.482 GC heap before
{Heap before GC invocations=50 (full 0):
 garbage-first heap   total reserved 2097152K, committed 193536K, used 166446K [0x0000000080000000, 0x0000000100000000)
  region size 1024K, 51 young (52224K), 5 survivors (5120K)
 Metaspace       used 101125K, committed 103360K, reserved 1179648K
  class space    used 11443K, committed 12544K, reserved 1048576K
}
Event: 61.494 GC heap after
{Heap after GC invocations=51 (full 0):
 garbage-first heap   total reserved 2097152K, committed 193536K, used 117409K [0x0000000080000000, 0x0000000100000000)
  region size 1024K, 6 young (6144K), 6 survivors (6144K)
 Metaspace       used 101125K, committed 103360K, reserved 1179648K
  class space    used 11443K, committed 12544K, reserved 1048576K
}
Event: 64.305 GC heap before
{Heap before GC invocations=51 (full 0):
 garbage-first heap   total reserved 2097152K, committed 193536K, used 175777K [0x0000000080000000, 0x0000000100000000)
  region size 1024K, 63 young (64512K), 6 survivors (6144K)
 Metaspace       used 103024K, committed 105216K, reserved 1179648K
  class space    used 11608K, committed 12672K, reserved 1048576K
}
Event: 64.326 GC heap after
{Heap after GC invocations=52 (full 0):
 garbage-first heap   total reserved 2097152K, committed 193536K, used 121438K [0x0000000080000000, 0x0000000100000000)
  region size 1024K, 8 young (8192K), 8 survivors (8192K)
 Metaspace       used 103024K, committed 105216K, reserved 1179648K
  class space    used 11608K, committed 12672K, reserved 1048576K
}
Event: 74.503 GC heap before
{Heap before GC invocations=52 (full 0):
 garbage-first heap   total reserved 2097152K, committed 193536K, used 173662K [0x0000000080000000, 0x0000000100000000)
  region size 1024K, 60 young (61440K), 8 survivors (8192K)
 Metaspace       used 103327K, committed 105600K, reserved 1179648K
  class space    used 11610K, committed 12672K, reserved 1048576K
}
Event: 74.534 GC heap after
{Heap after GC invocations=53 (full 0):
 garbage-first heap   total reserved 2097152K, committed 199680K, used 138224K [0x0000000080000000, 0x0000000100000000)
  region size 1024K, 8 young (8192K), 8 survivors (8192K)
 Metaspace       used 103327K, committed 105600K, reserved 1179648K
  class space    used 11610K, committed 12672K, reserved 1048576K
}
Event: 77.773 GC heap before
{Heap before GC invocations=54 (full 0):
 garbage-first heap   total reserved 2097152K, committed 230400K, used 186352K [0x0000000080000000, 0x0000000100000000)
  region size 1024K, 46 young (47104K), 8 survivors (8192K)
 Metaspace       used 103332K, committed 105600K, reserved 1179648K
  class space    used 11610K, committed 12672K, reserved 1048576K
}
Event: 77.823 GC heap after
{Heap after GC invocations=55 (full 0):
 garbage-first heap   total reserved 2097152K, committed 230400K, used 162288K [0x0000000080000000, 0x0000000100000000)
  region size 1024K, 6 young (6144K), 6 survivors (6144K)
 Metaspace       used 103332K, committed 105600K, reserved 1179648K
  class space    used 11610K, committed 12672K, reserved 1048576K
}
Event: 106.618 GC heap before
{Heap before GC invocations=55 (full 0):
 garbage-first heap   total reserved 2097152K, committed 230400K, used 197104K [0x0000000080000000, 0x0000000100000000)
  region size 1024K, 40 young (40960K), 6 survivors (6144K)
 Metaspace       used 103625K, committed 105856K, reserved 1179648K
  class space    used 11635K, committed 12672K, reserved 1048576K
}
Event: 106.769 GC heap after
{Heap after GC invocations=56 (full 0):
 garbage-first heap   total reserved 2097152K, committed 230400K, used 168944K [0x0000000080000000, 0x0000000100000000)
  region size 1024K, 5 young (5120K), 5 survivors (5120K)
 Metaspace       used 103625K, committed 105856K, reserved 1179648K
  class space    used 11635K, committed 12672K, reserved 1048576K
}
Event: 110.089 GC heap before
{Heap before GC invocations=56 (full 0):
 garbage-first heap   total reserved 2097152K, committed 230400K, used 173040K [0x0000000080000000, 0x0000000100000000)
  region size 1024K, 10 young (10240K), 5 survivors (5120K)
 Metaspace       used 103777K, committed 105984K, reserved 1179648K
  class space    used 11647K, committed 12672K, reserved 1048576K
}
Event: 110.234 GC heap after
{Heap after GC invocations=57 (full 0):
 garbage-first heap   total reserved 2097152K, committed 230400K, used 171811K [0x0000000080000000, 0x0000000100000000)
  region size 1024K, 2 young (2048K), 2 survivors (2048K)
 Metaspace       used 103777K, committed 105984K, reserved 1179648K
  class space    used 11647K, committed 12672K, reserved 1048576K
}

